<?xml version="1.0" encoding="UTF-8"?>
<!-- Generated by org.testng.reporters.JUnitReportReporter -->
<testsuite hostname="IBM-PF3DZ8GN" failures="0" tests="1" name="practiceReal.DatePicker" time="58.895" errors="0" timestamp="2023-01-24T18:23:00 IST" skipped="0">
  <testcase classname="practiceReal.DatePicker" name="selectDate" time="58.895"/>
  <system-out/>
</testsuite> <!-- practiceReal.DatePicker -->
